<?xml version="1.0" encoding="UTF-8"?>
<testsuite name="eLifeGame.AppTest" tests="1" skipped="0" failures="0" errors="0" timestamp="2022-06-06T14:40:06" hostname="terrylos" time="0.011">
  <properties/>
  <testcase name="appHasAGreeting()" classname="eLifeGame.AppTest" time="0.011"/>
  <system-out><![CDATA[]]></system-out>
  <system-err><![CDATA[]]></system-err>
</testsuite>
